{"/home/ar-in-u-156/turbo-type/config/jest/fileMock.ts": {"path":"/home/ar-in-u-156/turbo-type/config/jest/fileMock.ts","statementMap":{"0":{"start":{"line":2,"column":0},"end":{"line":2,"column":34}}},"fnMap":{},"branchMap":{},"s":{"0":1},"f":{},"b":{}}
,"/home/ar-in-u-156/turbo-type/config/jest/styleMock.ts": {"path":"/home/ar-in-u-156/turbo-type/config/jest/styleMock.ts","statementMap":{"0":{"start":{"line":1,"column":0},"end":{"line":1,"column":20}}},"fnMap":{},"branchMap":{},"s":{"0":1},"f":{},"b":{}}
,"/home/ar-in-u-156/turbo-type/src/App.tsx": {"path":"/home/ar-in-u-156/turbo-type/src/App.tsx","statementMap":{"0":{"start":{"line":1,"column":0},"end":{"line":1,"column":35}},"1":{"start":{"line":3,"column":0},"end":{"line":3,"column":37}},"2":{"start":{"line":4,"column":0},"end":{"line":4,"column":47}},"3":{"start":{"line":5,"column":0},"end":{"line":5,"column":55}},"4":{"start":{"line":6,"column":0},"end":{"line":6,"column":33}},"5":{"start":{"line":8,"column":33},"end":{"line":15,"column":2}},"6":{"start":{"line":18,"column":2},"end":{"line":40,"column":3}},"7":{"start":{"line":20,"column":6},"end":{"line":23,"column":8}},"8":{"start":{"line":25,"column":6},"end":{"line":28,"column":8}},"9":{"start":{"line":30,"column":6},"end":{"line":37,"column":8}},"10":{"start":{"line":39,"column":6},"end":{"line":39,"column":19}},"11":{"start":{"line":44,"column":32},"end":{"line":44,"column":66}},"12":{"start":{"line":45,"column":2},"end":{"line":57,"column":3}},"13":{"start":{"line":46,"column":4},"end":{"line":50,"column":6}},"14":{"start":{"line":51,"column":9},"end":{"line":57,"column":3}},"15":{"start":{"line":52,"column":4},"end":{"line":56,"column":6}},"16":{"start":{"line":60,"column":0},"end":{"line":60,"column":19}}},"fnMap":{"0":{"name":"reducer","decl":{"start":{"line":17,"column":9},"end":{"line":17,"column":16}},"loc":{"start":{"line":17,"column":58},"end":{"line":41,"column":1}}},"1":{"name":"App","decl":{"start":{"line":43,"column":9},"end":{"line":43,"column":12}},"loc":{"start":{"line":43,"column":12},"end":{"line":58,"column":1}}}},"branchMap":{"0":{"loc":{"start":{"line":18,"column":2},"end":{"line":40,"column":3}},"type":"switch","locations":[{"start":{"line":19,"column":4},"end":{"line":23,"column":8}},{"start":{"line":24,"column":4},"end":{"line":28,"column":8}},{"start":{"line":29,"column":4},"end":{"line":37,"column":8}},{"start":{"line":38,"column":4},"end":{"line":39,"column":19}}]},"1":{"loc":{"start":{"line":34,"column":10},"end":{"line":34,"column":79}},"type":"cond-expr","locations":[{"start":{"line":34,"column":38},"end":{"line":34,"column":39}},{"start":{"line":34,"column":42},"end":{"line":34,"column":79}}]},"2":{"loc":{"start":{"line":34,"column":42},"end":{"line":34,"column":79}},"type":"cond-expr","locations":[{"start":{"line":34,"column":72},"end":{"line":34,"column":75}},{"start":{"line":34,"column":78},"end":{"line":34,"column":79}}]},"3":{"loc":{"start":{"line":45,"column":2},"end":{"line":57,"column":3}},"type":"if","locations":[{"start":{"line":45,"column":2},"end":{"line":57,"column":3}},{"start":{"line":51,"column":9},"end":{"line":57,"column":3}}]},"4":{"loc":{"start":{"line":51,"column":9},"end":{"line":57,"column":3}},"type":"if","locations":[{"start":{"line":51,"column":9},"end":{"line":57,"column":3}}]}},"s":{"0":1,"1":1,"2":1,"3":1,"4":1,"5":1,"6":0,"7":0,"8":0,"9":0,"10":0,"11":1,"12":1,"13":1,"14":0,"15":0,"16":1},"f":{"0":0,"1":1},"b":{"0":[0,0,0,0],"1":[0,0],"2":[0,0],"3":[1,0],"4":[0]}}
,"/home/ar-in-u-156/turbo-type/src/assets/service/SetWordlist.ts": {"path":"/home/ar-in-u-156/turbo-type/src/assets/service/SetWordlist.ts","statementMap":{"0":{"start":{"line":1,"column":0},"end":{"line":1,"column":43}},"1":{"start":{"line":4,"column":27},"end":{"line":4,"column":29}},"2":{"start":{"line":6,"column":2},"end":{"line":18,"column":3}},"3":{"start":{"line":7,"column":4},"end":{"line":9,"column":7}},"4":{"start":{"line":8,"column":6},"end":{"line":8,"column":33}},"5":{"start":{"line":10,"column":9},"end":{"line":18,"column":3}},"6":{"start":{"line":11,"column":4},"end":{"line":13,"column":7}},"7":{"start":{"line":12,"column":6},"end":{"line":12,"column":55}},"8":{"start":{"line":15,"column":4},"end":{"line":17,"column":7}},"9":{"start":{"line":16,"column":6},"end":{"line":16,"column":32}},"10":{"start":{"line":20,"column":2},"end":{"line":20,"column":18}},"11":{"start":{"line":23,"column":0},"end":{"line":23,"column":27}}},"fnMap":{"0":{"name":"SetWordlist","decl":{"start":{"line":3,"column":9},"end":{"line":3,"column":20}},"loc":{"start":{"line":3,"column":34},"end":{"line":21,"column":1}}},"1":{"name":"(anonymous_2)","decl":{"start":{"line":7,"column":34},"end":{"line":7,"column":35}},"loc":{"start":{"line":7,"column":46},"end":{"line":9,"column":5}}},"2":{"name":"(anonymous_3)","decl":{"start":{"line":11,"column":34},"end":{"line":11,"column":35}},"loc":{"start":{"line":11,"column":46},"end":{"line":13,"column":5}}},"3":{"name":"(anonymous_4)","decl":{"start":{"line":15,"column":34},"end":{"line":15,"column":35}},"loc":{"start":{"line":15,"column":46},"end":{"line":17,"column":5}}}},"branchMap":{"0":{"loc":{"start":{"line":6,"column":2},"end":{"line":18,"column":3}},"type":"if","locations":[{"start":{"line":6,"column":2},"end":{"line":18,"column":3}},{"start":{"line":10,"column":9},"end":{"line":18,"column":3}}]},"1":{"loc":{"start":{"line":10,"column":9},"end":{"line":18,"column":3}},"type":"if","locations":[{"start":{"line":10,"column":9},"end":{"line":18,"column":3}},{"start":{"line":14,"column":9},"end":{"line":18,"column":3}}]},"2":{"loc":{"start":{"line":12,"column":13},"end":{"line":12,"column":54}},"type":"binary-expr","locations":[{"start":{"line":12,"column":13},"end":{"line":12,"column":31}},{"start":{"line":12,"column":35},"end":{"line":12,"column":54}}]}},"s":{"0":1,"1":2,"2":2,"3":2,"4":345640,"5":0,"6":0,"7":0,"8":0,"9":0,"10":2,"11":1},"f":{"0":2,"1":345640,"2":0,"3":0},"b":{"0":[2,0],"1":[0,0],"2":[0,0]}}
,"/home/ar-in-u-156/turbo-type/src/assets/service/useGameHandler.ts": {"path":"/home/ar-in-u-156/turbo-type/src/assets/service/useGameHandler.ts","statementMap":{"0":{"start":{"line":1,"column":0},"end":{"line":1,"column":53}},"1":{"start":{"line":7,"column":24},"end":{"line":30,"column":1}},"2":{"start":{"line":8,"column":16},"end":{"line":8,"column":21}},"3":{"start":{"line":10,"column":40},"end":{"line":14,"column":4}},"4":{"start":{"line":16,"column":17},"end":{"line":27,"column":14}},"5":{"start":{"line":18,"column":20},"end":{"line":18,"column":49}},"6":{"start":{"line":19,"column":6},"end":{"line":19,"column":25}},"7":{"start":{"line":21,"column":6},"end":{"line":23,"column":7}},"8":{"start":{"line":22,"column":8},"end":{"line":22,"column":62}},"9":{"start":{"line":25,"column":6},"end":{"line":25,"column":16}},"10":{"start":{"line":29,"column":2},"end":{"line":29,"column":16}},"11":{"start":{"line":36,"column":2},"end":{"line":102,"column":3}},"12":{"start":{"line":38,"column":6},"end":{"line":41,"column":8}},"13":{"start":{"line":43,"column":16},"end":{"line":43,"column":63}},"14":{"start":{"line":45,"column":6},"end":{"line":51,"column":8}},"15":{"start":{"line":54,"column":6},"end":{"line":57,"column":8}},"16":{"start":{"line":59,"column":6},"end":{"line":69,"column":8}},"17":{"start":{"line":71,"column":6},"end":{"line":78,"column":8}},"18":{"start":{"line":80,"column":6},"end":{"line":86,"column":8}},"19":{"start":{"line":88,"column":6},"end":{"line":94,"column":8}},"20":{"start":{"line":96,"column":6},"end":{"line":99,"column":8}},"21":{"start":{"line":101,"column":6},"end":{"line":101,"column":19}},"22":{"start":{"line":108,"column":33},"end":{"line":108,"column":60}},"23":{"start":{"line":111,"column":2},"end":{"line":122,"column":50}},"24":{"start":{"line":112,"column":4},"end":{"line":115,"column":5}},"25":{"start":{"line":113,"column":6},"end":{"line":113,"column":40}},"26":{"start":{"line":114,"column":6},"end":{"line":114,"column":13}},"27":{"start":{"line":117,"column":23},"end":{"line":119,"column":12}},"28":{"start":{"line":118,"column":6},"end":{"line":118,"column":47}},"29":{"start":{"line":121,"column":4},"end":{"line":121,"column":43}},"30":{"start":{"line":121,"column":17},"end":{"line":121,"column":42}},"31":{"start":{"line":125,"column":2},"end":{"line":140,"column":39}},"32":{"start":{"line":126,"column":4},"end":{"line":133,"column":5}},"33":{"start":{"line":127,"column":6},"end":{"line":127,"column":41}},"34":{"start":{"line":129,"column":6},"end":{"line":130,"column":42}},"35":{"start":{"line":130,"column":8},"end":{"line":130,"column":42}},"36":{"start":{"line":132,"column":6},"end":{"line":132,"column":13}},"37":{"start":{"line":135,"column":28},"end":{"line":137,"column":12}},"38":{"start":{"line":136,"column":6},"end":{"line":136,"column":43}},"39":{"start":{"line":139,"column":4},"end":{"line":139,"column":48}},"40":{"start":{"line":139,"column":17},"end":{"line":139,"column":47}},"41":{"start":{"line":142,"column":2},"end":{"line":142,"column":32}},"42":{"start":{"line":145,"column":0},"end":{"line":145,"column":30}}},"fnMap":{"0":{"name":"(anonymous_0)","decl":{"start":{"line":7,"column":24},"end":{"line":7,"column":25}},"loc":{"start":{"line":7,"column":42},"end":{"line":30,"column":1}}},"1":{"name":"(anonymous_1)","decl":{"start":{"line":17,"column":9},"end":{"line":17,"column":10}},"loc":{"start":{"line":17,"column":29},"end":{"line":26,"column":5}}},"2":{"name":"reducer","decl":{"start":{"line":32,"column":9},"end":{"line":32,"column":16}},"loc":{"start":{"line":34,"column":26},"end":{"line":103,"column":1}}},"3":{"name":"useGameHandler","decl":{"start":{"line":105,"column":9},"end":{"line":105,"column":23}},"loc":{"start":{"line":106,"column":25},"end":{"line":143,"column":1}}},"4":{"name":"(anonymous_4)","decl":{"start":{"line":111,"column":12},"end":{"line":111,"column":15}},"loc":{"start":{"line":111,"column":17},"end":{"line":122,"column":3}}},"5":{"name":"(anonymous_5)","decl":{"start":{"line":117,"column":35},"end":{"line":117,"column":38}},"loc":{"start":{"line":117,"column":40},"end":{"line":119,"column":5}}},"6":{"name":"(anonymous_6)","decl":{"start":{"line":121,"column":11},"end":{"line":121,"column":14}},"loc":{"start":{"line":121,"column":17},"end":{"line":121,"column":42}}},"7":{"name":"(anonymous_7)","decl":{"start":{"line":125,"column":12},"end":{"line":125,"column":15}},"loc":{"start":{"line":125,"column":17},"end":{"line":140,"column":3}}},"8":{"name":"(anonymous_8)","decl":{"start":{"line":135,"column":40},"end":{"line":135,"column":43}},"loc":{"start":{"line":135,"column":45},"end":{"line":137,"column":5}}},"9":{"name":"(anonymous_9)","decl":{"start":{"line":139,"column":11},"end":{"line":139,"column":14}},"loc":{"start":{"line":139,"column":17},"end":{"line":139,"column":47}}}},"branchMap":{"0":{"loc":{"start":{"line":21,"column":6},"end":{"line":23,"column":7}},"type":"if","locations":[{"start":{"line":21,"column":6},"end":{"line":23,"column":7}}]},"1":{"loc":{"start":{"line":22,"column":15},"end":{"line":22,"column":61}},"type":"cond-expr","locations":[{"start":{"line":22,"column":29},"end":{"line":22,"column":40}},{"start":{"line":22,"column":43},"end":{"line":22,"column":61}}]},"2":{"loc":{"start":{"line":36,"column":2},"end":{"line":102,"column":3}},"type":"switch","locations":[{"start":{"line":37,"column":4},"end":{"line":41,"column":8}},{"start":{"line":42,"column":4},"end":{"line":52,"column":5}},{"start":{"line":53,"column":4},"end":{"line":57,"column":8}},{"start":{"line":58,"column":4},"end":{"line":69,"column":8}},{"start":{"line":70,"column":4},"end":{"line":78,"column":8}},{"start":{"line":79,"column":4},"end":{"line":86,"column":8}},{"start":{"line":87,"column":4},"end":{"line":94,"column":8}},{"start":{"line":95,"column":4},"end":{"line":99,"column":8}},{"start":{"line":100,"column":4},"end":{"line":101,"column":19}}]},"3":{"loc":{"start":{"line":112,"column":4},"end":{"line":115,"column":5}},"type":"if","locations":[{"start":{"line":112,"column":4},"end":{"line":115,"column":5}}]},"4":{"loc":{"start":{"line":126,"column":4},"end":{"line":133,"column":5}},"type":"if","locations":[{"start":{"line":126,"column":4},"end":{"line":133,"column":5}}]},"5":{"loc":{"start":{"line":129,"column":6},"end":{"line":130,"column":42}},"type":"if","locations":[{"start":{"line":129,"column":6},"end":{"line":130,"column":42}}]}},"s":{"0":1,"1":1,"2":0,"3":0,"4":0,"5":0,"6":0,"7":0,"8":0,"9":0,"10":0,"11":0,"12":0,"13":0,"14":0,"15":0,"16":0,"17":0,"18":0,"19":0,"20":0,"21":0,"22":0,"23":0,"24":0,"25":0,"26":0,"27":0,"28":0,"29":0,"30":0,"31":0,"32":0,"33":0,"34":0,"35":0,"36":0,"37":0,"38":0,"39":0,"40":0,"41":0,"42":1},"f":{"0":0,"1":0,"2":0,"3":0,"4":0,"5":0,"6":0,"7":0,"8":0,"9":0},"b":{"0":[0],"1":[0,0],"2":[0,0,0,0,0,0,0,0,0],"3":[0],"4":[0],"5":[0]}}
,"/home/ar-in-u-156/turbo-type/src/components/Form.tsx": {"path":"/home/ar-in-u-156/turbo-type/src/components/Form.tsx","statementMap":{"0":{"start":{"line":1,"column":0},"end":{"line":1,"column":53}},"1":{"start":{"line":2,"column":0},"end":{"line":2,"column":45}},"2":{"start":{"line":4,"column":0},"end":{"line":4,"column":35}},"3":{"start":{"line":7,"column":24},"end":{"line":11,"column":4}},"4":{"start":{"line":13,"column":19},"end":{"line":13,"column":49}},"5":{"start":{"line":15,"column":2},"end":{"line":17,"column":9}},"6":{"start":{"line":16,"column":4},"end":{"line":16,"column":51}},"7":{"start":{"line":16,"column":26},"end":{"line":16,"column":51}},"8":{"start":{"line":19,"column":23},"end":{"line":24,"column":3}},"9":{"start":{"line":20,"column":4},"end":{"line":20,"column":23}},"10":{"start":{"line":22,"column":4},"end":{"line":23,"column":60}},"11":{"start":{"line":23,"column":6},"end":{"line":23,"column":60}},"12":{"start":{"line":26,"column":2},"end":{"line":71,"column":4}},"13":{"start":{"line":43,"column":12},"end":{"line":43,"column":70}},"14":{"start":{"line":55,"column":12},"end":{"line":55,"column":71}},"15":{"start":{"line":60,"column":12},"end":{"line":60,"column":39}},"16":{"start":{"line":74,"column":0},"end":{"line":74,"column":20}}},"fnMap":{"0":{"name":"Form","decl":{"start":{"line":6,"column":9},"end":{"line":6,"column":13}},"loc":{"start":{"line":6,"column":51},"end":{"line":72,"column":1}}},"1":{"name":"(anonymous_2)","decl":{"start":{"line":15,"column":12},"end":{"line":15,"column":15}},"loc":{"start":{"line":15,"column":17},"end":{"line":17,"column":3}}},"2":{"name":"(anonymous_3)","decl":{"start":{"line":19,"column":23},"end":{"line":19,"column":24}},"loc":{"start":{"line":19,"column":40},"end":{"line":24,"column":3}}},"3":{"name":"(anonymous_4)","decl":{"start":{"line":42,"column":20},"end":{"line":42,"column":21}},"loc":{"start":{"line":42,"column":26},"end":{"line":44,"column":11}}},"4":{"name":"(anonymous_5)","decl":{"start":{"line":54,"column":20},"end":{"line":54,"column":21}},"loc":{"start":{"line":54,"column":26},"end":{"line":56,"column":11}}},"5":{"name":"(anonymous_6)","decl":{"start":{"line":59,"column":29},"end":{"line":59,"column":30}},"loc":{"start":{"line":60,"column":12},"end":{"line":60,"column":39}}}},"branchMap":{"0":{"loc":{"start":{"line":16,"column":4},"end":{"line":16,"column":51}},"type":"if","locations":[{"start":{"line":16,"column":4},"end":{"line":16,"column":51}}]},"1":{"loc":{"start":{"line":22,"column":4},"end":{"line":23,"column":60}},"type":"if","locations":[{"start":{"line":22,"column":4},"end":{"line":23,"column":60}}]}},"s":{"0":1,"1":1,"2":1,"3":1,"4":1,"5":1,"6":1,"7":1,"8":1,"9":0,"10":0,"11":0,"12":1,"13":0,"14":0,"15":3,"16":1},"f":{"0":1,"1":1,"2":0,"3":0,"4":0,"5":3},"b":{"0":[1],"1":[0]}}
,"/home/ar-in-u-156/turbo-type/src/components/Game.tsx": {"path":"/home/ar-in-u-156/turbo-type/src/components/Game.tsx","statementMap":{"0":{"start":{"line":2,"column":0},"end":{"line":2,"column":60}},"1":{"start":{"line":3,"column":0},"end":{"line":3,"column":56}},"2":{"start":{"line":4,"column":0},"end":{"line":4,"column":42}},"3":{"start":{"line":5,"column":0},"end":{"line":5,"column":35}},"4":{"start":{"line":24,"column":20},"end":{"line":24,"column":47}},"5":{"start":{"line":26,"column":19},"end":{"line":26,"column":49}},"6":{"start":{"line":28,"column":2},"end":{"line":30,"column":5}},"7":{"start":{"line":29,"column":4},"end":{"line":29,"column":51}},"8":{"start":{"line":29,"column":26},"end":{"line":29,"column":51}},"9":{"start":{"line":32,"column":19},"end":{"line":40,"column":3}},"10":{"start":{"line":33,"column":28},"end":{"line":33,"column":30}},"11":{"start":{"line":35,"column":4},"end":{"line":38,"column":5}},"12":{"start":{"line":36,"column":6},"end":{"line":37,"column":35}},"13":{"start":{"line":36,"column":45},"end":{"line":36,"column":67}},"14":{"start":{"line":37,"column":11},"end":{"line":37,"column":35}},"15":{"start":{"line":39,"column":4},"end":{"line":39,"column":21}},"16":{"start":{"line":42,"column":26},"end":{"line":49,"column":3}},"17":{"start":{"line":43,"column":4},"end":{"line":43,"column":71}},"18":{"start":{"line":45,"column":4},"end":{"line":48,"column":5}},"19":{"start":{"line":46,"column":6},"end":{"line":46,"column":72}},"20":{"start":{"line":47,"column":6},"end":{"line":47,"column":56}},"21":{"start":{"line":51,"column":2},"end":{"line":99,"column":3}},"22":{"start":{"line":52,"column":4},"end":{"line":76,"column":6}},"23":{"start":{"line":59,"column":30},"end":{"line":59,"column":51}},"24":{"start":{"line":60,"column":12},"end":{"line":64,"column":14}},"25":{"start":{"line":72,"column":27},"end":{"line":72,"column":58}},"26":{"start":{"line":78,"column":4},"end":{"line":98,"column":6}},"27":{"start":{"line":85,"column":42},"end":{"line":85,"column":51}},"28":{"start":{"line":91,"column":42},"end":{"line":91,"column":48}},"29":{"start":{"line":102,"column":0},"end":{"line":102,"column":20}}},"fnMap":{"0":{"name":"Game","decl":{"start":{"line":16,"column":9},"end":{"line":16,"column":13}},"loc":{"start":{"line":23,"column":12},"end":{"line":100,"column":1}}},"1":{"name":"(anonymous_2)","decl":{"start":{"line":28,"column":12},"end":{"line":28,"column":15}},"loc":{"start":{"line":28,"column":17},"end":{"line":30,"column":3}}},"2":{"name":"(anonymous_3)","decl":{"start":{"line":32,"column":19},"end":{"line":32,"column":20}},"loc":{"start":{"line":32,"column":51},"end":{"line":40,"column":3}}},"3":{"name":"(anonymous_4)","decl":{"start":{"line":42,"column":26},"end":{"line":42,"column":27}},"loc":{"start":{"line":42,"column":44},"end":{"line":49,"column":3}}},"4":{"name":"(anonymous_5)","decl":{"start":{"line":58,"column":25},"end":{"line":58,"column":26}},"loc":{"start":{"line":58,"column":41},"end":{"line":65,"column":11}}},"5":{"name":"(anonymous_6)","decl":{"start":{"line":72,"column":20},"end":{"line":72,"column":21}},"loc":{"start":{"line":72,"column":27},"end":{"line":72,"column":58}}},"6":{"name":"(anonymous_7)","decl":{"start":{"line":85,"column":36},"end":{"line":85,"column":39}},"loc":{"start":{"line":85,"column":42},"end":{"line":85,"column":51}}},"7":{"name":"(anonymous_8)","decl":{"start":{"line":91,"column":36},"end":{"line":91,"column":39}},"loc":{"start":{"line":91,"column":42},"end":{"line":91,"column":48}}}},"branchMap":{"0":{"loc":{"start":{"line":29,"column":4},"end":{"line":29,"column":51}},"type":"if","locations":[{"start":{"line":29,"column":4},"end":{"line":29,"column":51}}]},"1":{"loc":{"start":{"line":35,"column":4},"end":{"line":38,"column":5}},"type":"if","locations":[{"start":{"line":35,"column":4},"end":{"line":38,"column":5}}]},"2":{"loc":{"start":{"line":35,"column":8},"end":{"line":35,"column":74}},"type":"binary-expr","locations":[{"start":{"line":35,"column":8},"end":{"line":35,"column":41}},{"start":{"line":35,"column":45},"end":{"line":35,"column":74}}]},"3":{"loc":{"start":{"line":36,"column":6},"end":{"line":37,"column":35}},"type":"if","locations":[{"start":{"line":36,"column":6},"end":{"line":37,"column":35}},{"start":{"line":37,"column":11},"end":{"line":37,"column":35}}]},"4":{"loc":{"start":{"line":45,"column":4},"end":{"line":48,"column":5}},"type":"if","locations":[{"start":{"line":45,"column":4},"end":{"line":48,"column":5}}]},"5":{"loc":{"start":{"line":51,"column":2},"end":{"line":99,"column":3}},"type":"if","locations":[{"start":{"line":51,"column":2},"end":{"line":99,"column":3}},{"start":{"line":77,"column":9},"end":{"line":99,"column":3}}]}},"s":{"0":1,"1":1,"2":1,"3":1,"4":0,"5":0,"6":0,"7":0,"8":0,"9":0,"10":0,"11":0,"12":0,"13":0,"14":0,"15":0,"16":0,"17":0,"18":0,"19":0,"20":0,"21":0,"22":0,"23":0,"24":0,"25":0,"26":0,"27":0,"28":0,"29":1},"f":{"0":0,"1":0,"2":0,"3":0,"4":0,"5":0,"6":0,"7":0},"b":{"0":[0],"1":[0],"2":[0,0],"3":[0,0],"4":[0],"5":[0,0]}}
,"/home/ar-in-u-156/turbo-type/src/components/GameBoard.tsx": {"path":"/home/ar-in-u-156/turbo-type/src/components/GameBoard.tsx","statementMap":{"0":{"start":{"line":2,"column":0},"end":{"line":2,"column":49}},"1":{"start":{"line":3,"column":0},"end":{"line":3,"column":61}},"2":{"start":{"line":4,"column":0},"end":{"line":4,"column":62}},"3":{"start":{"line":5,"column":0},"end":{"line":5,"column":26}},"4":{"start":{"line":6,"column":0},"end":{"line":6,"column":34}},"5":{"start":{"line":7,"column":0},"end":{"line":7,"column":40}},"6":{"start":{"line":10,"column":19},"end":{"line":10,"column":37}},"7":{"start":{"line":12,"column":43},"end":{"line":27,"column":4}},"8":{"start":{"line":29,"column":33},"end":{"line":29,"column":64}},"9":{"start":{"line":31,"column":18},"end":{"line":40,"column":3}},"10":{"start":{"line":32,"column":4},"end":{"line":36,"column":7}},"11":{"start":{"line":37,"column":4},"end":{"line":37,"column":49}},"12":{"start":{"line":38,"column":4},"end":{"line":38,"column":54}},"13":{"start":{"line":39,"column":4},"end":{"line":39,"column":40}},"14":{"start":{"line":42,"column":15},"end":{"line":44,"column":3}},"15":{"start":{"line":43,"column":4},"end":{"line":43,"column":29}},"16":{"start":{"line":46,"column":2},"end":{"line":101,"column":4}},"17":{"start":{"line":82,"column":12},"end":{"line":82,"column":null}},"18":{"start":{"line":104,"column":0},"end":{"line":104,"column":25}}},"fnMap":{"0":{"name":"GameBoard","decl":{"start":{"line":9,"column":9},"end":{"line":9,"column":18}},"loc":{"start":{"line":9,"column":48},"end":{"line":102,"column":1}}},"1":{"name":"(anonymous_2)","decl":{"start":{"line":31,"column":18},"end":{"line":31,"column":21}},"loc":{"start":{"line":31,"column":23},"end":{"line":40,"column":3}}},"2":{"name":"(anonymous_3)","decl":{"start":{"line":42,"column":15},"end":{"line":42,"column":18}},"loc":{"start":{"line":42,"column":20},"end":{"line":44,"column":3}}},"3":{"name":"(anonymous_4)","decl":{"start":{"line":81,"column":34},"end":{"line":81,"column":35}},"loc":{"start":{"line":82,"column":12},"end":{"line":82,"column":null}}}},"branchMap":{},"s":{"0":1,"1":1,"2":1,"3":1,"4":1,"5":1,"6":0,"7":0,"8":0,"9":0,"10":0,"11":0,"12":0,"13":0,"14":0,"15":0,"16":0,"17":0,"18":1},"f":{"0":0,"1":0,"2":0,"3":0},"b":{}}
,"/home/ar-in-u-156/turbo-type/src/components/TopScore.tsx": {"path":"/home/ar-in-u-156/turbo-type/src/components/TopScore.tsx","statementMap":{"0":{"start":{"line":1,"column":0},"end":{"line":1,"column":39}},"1":{"start":{"line":12,"column":2},"end":{"line":25,"column":3}},"2":{"start":{"line":13,"column":4},"end":{"line":13,"column":23}},"3":{"start":{"line":15,"column":4},"end":{"line":24,"column":6}},"4":{"start":{"line":28,"column":0},"end":{"line":28,"column":24}}},"fnMap":{"0":{"name":"TopScore","decl":{"start":{"line":11,"column":9},"end":{"line":11,"column":17}},"loc":{"start":{"line":11,"column":45},"end":{"line":26,"column":1}}}},"branchMap":{"0":{"loc":{"start":{"line":12,"column":2},"end":{"line":25,"column":3}},"type":"if","locations":[{"start":{"line":12,"column":2},"end":{"line":25,"column":3}},{"start":{"line":14,"column":9},"end":{"line":25,"column":3}}]}},"s":{"0":1,"1":0,"2":0,"3":0,"4":1},"f":{"0":0},"b":{"0":[0,0]}}
}
