TN:
SF:config/jest/fileMock.ts
FNF:0
FNH:0
DA:2,1
LF:1
LH:1
BRF:0
BRH:0
end_of_record
TN:
SF:config/jest/styleMock.ts
FNF:0
FNH:0
DA:1,1
LF:1
LH:1
BRF:0
BRH:0
end_of_record
TN:
SF:src/App.tsx
FN:17,reducer
FN:43,App
FNF:2
FNH:1
FNDA:0,reducer
FNDA:1,App
DA:1,1
DA:3,1
DA:4,1
DA:5,1
DA:6,1
DA:8,1
DA:18,0
DA:20,0
DA:25,0
DA:30,0
DA:39,0
DA:44,1
DA:45,1
DA:46,1
DA:51,0
DA:52,0
DA:60,1
LF:17
LH:10
BRDA:18,0,0,0
BRDA:18,0,1,0
BRDA:18,0,2,0
BRDA:18,0,3,0
BRDA:34,1,0,0
BRDA:34,1,1,0
BRDA:34,2,0,0
BRDA:34,2,1,0
BRDA:45,3,0,1
BRDA:45,3,1,0
BRDA:51,4,0,0
BRF:11
BRH:1
end_of_record
TN:
SF:src/assets/service/SetWordlist.ts
FN:3,SetWordlist
FN:7,(anonymous_2)
FN:11,(anonymous_3)
FN:15,(anonymous_4)
FNF:4
FNH:2
FNDA:2,SetWordlist
FNDA:345640,(anonymous_2)
FNDA:0,(anonymous_3)
FNDA:0,(anonymous_4)
DA:1,1
DA:4,2
DA:6,2
DA:7,2
DA:8,345640
DA:10,0
DA:11,0
DA:12,0
DA:15,0
DA:16,0
DA:20,2
DA:23,1
LF:12
LH:7
BRDA:6,0,0,2
BRDA:6,0,1,0
BRDA:10,1,0,0
BRDA:10,1,1,0
BRDA:12,2,0,0
BRDA:12,2,1,0
BRF:6
BRH:1
end_of_record
TN:
SF:src/assets/service/useGameHandler.ts
FN:7,(anonymous_0)
FN:17,(anonymous_1)
FN:32,reducer
FN:105,useGameHandler
FN:111,(anonymous_4)
FN:117,(anonymous_5)
FN:121,(anonymous_6)
FN:125,(anonymous_7)
FN:135,(anonymous_8)
FN:139,(anonymous_9)
FNF:10
FNH:0
FNDA:0,(anonymous_0)
FNDA:0,(anonymous_1)
FNDA:0,reducer
FNDA:0,useGameHandler
FNDA:0,(anonymous_4)
FNDA:0,(anonymous_5)
FNDA:0,(anonymous_6)
FNDA:0,(anonymous_7)
FNDA:0,(anonymous_8)
FNDA:0,(anonymous_9)
DA:1,1
DA:7,1
DA:8,0
DA:10,0
DA:16,0
DA:18,0
DA:19,0
DA:21,0
DA:22,0
DA:25,0
DA:29,0
DA:36,0
DA:38,0
DA:43,0
DA:45,0
DA:54,0
DA:59,0
DA:71,0
DA:80,0
DA:88,0
DA:96,0
DA:101,0
DA:108,0
DA:111,0
DA:112,0
DA:113,0
DA:114,0
DA:117,0
DA:118,0
DA:121,0
DA:125,0
DA:126,0
DA:127,0
DA:129,0
DA:130,0
DA:132,0
DA:135,0
DA:136,0
DA:139,0
DA:142,0
DA:145,1
LF:41
LH:3
BRDA:21,0,0,0
BRDA:22,1,0,0
BRDA:22,1,1,0
BRDA:36,2,0,0
BRDA:36,2,1,0
BRDA:36,2,2,0
BRDA:36,2,3,0
BRDA:36,2,4,0
BRDA:36,2,5,0
BRDA:36,2,6,0
BRDA:36,2,7,0
BRDA:36,2,8,0
BRDA:112,3,0,0
BRDA:126,4,0,0
BRDA:129,5,0,0
BRF:15
BRH:0
end_of_record
TN:
SF:src/components/Form.tsx
FN:6,Form
FN:15,(anonymous_2)
FN:19,(anonymous_3)
FN:42,(anonymous_4)
FN:54,(anonymous_5)
FN:59,(anonymous_6)
FNF:6
FNH:3
FNDA:1,Form
FNDA:1,(anonymous_2)
FNDA:0,(anonymous_3)
FNDA:0,(anonymous_4)
FNDA:0,(anonymous_5)
FNDA:3,(anonymous_6)
DA:1,1
DA:2,1
DA:4,1
DA:7,1
DA:13,1
DA:15,1
DA:16,1
DA:19,1
DA:20,0
DA:22,0
DA:23,0
DA:26,1
DA:43,0
DA:55,0
DA:60,3
DA:74,1
LF:16
LH:11
BRDA:16,0,0,1
BRDA:22,1,0,0
BRF:2
BRH:1
end_of_record
TN:
SF:src/components/Game.tsx
FN:16,Game
FN:28,(anonymous_2)
FN:32,(anonymous_3)
FN:42,(anonymous_4)
FN:58,(anonymous_5)
FN:72,(anonymous_6)
FN:85,(anonymous_7)
FN:91,(anonymous_8)
FNF:8
FNH:0
FNDA:0,Game
FNDA:0,(anonymous_2)
FNDA:0,(anonymous_3)
FNDA:0,(anonymous_4)
FNDA:0,(anonymous_5)
FNDA:0,(anonymous_6)
FNDA:0,(anonymous_7)
FNDA:0,(anonymous_8)
DA:2,1
DA:3,1
DA:4,1
DA:5,1
DA:24,0
DA:26,0
DA:28,0
DA:29,0
DA:32,0
DA:33,0
DA:35,0
DA:36,0
DA:37,0
DA:39,0
DA:42,0
DA:43,0
DA:45,0
DA:46,0
DA:47,0
DA:51,0
DA:52,0
DA:59,0
DA:60,0
DA:72,0
DA:78,0
DA:85,0
DA:91,0
DA:102,1
LF:28
LH:5
BRDA:29,0,0,0
BRDA:35,1,0,0
BRDA:35,2,0,0
BRDA:35,2,1,0
BRDA:36,3,0,0
BRDA:36,3,1,0
BRDA:45,4,0,0
BRDA:51,5,0,0
BRDA:51,5,1,0
BRF:9
BRH:0
end_of_record
TN:
SF:src/components/GameBoard.tsx
FN:9,GameBoard
FN:31,(anonymous_2)
FN:42,(anonymous_3)
FN:81,(anonymous_4)
FNF:4
FNH:0
FNDA:0,GameBoard
FNDA:0,(anonymous_2)
FNDA:0,(anonymous_3)
FNDA:0,(anonymous_4)
DA:2,1
DA:3,1
DA:4,1
DA:5,1
DA:6,1
DA:7,1
DA:10,0
DA:12,0
DA:29,0
DA:31,0
DA:32,0
DA:37,0
DA:38,0
DA:39,0
DA:42,0
DA:43,0
DA:46,0
DA:82,0
DA:104,1
LF:19
LH:7
BRF:0
BRH:0
end_of_record
TN:
SF:src/components/TopScore.tsx
FN:11,TopScore
FNF:1
FNH:0
FNDA:0,TopScore
DA:1,1
DA:12,0
DA:13,0
DA:15,0
DA:28,1
LF:5
LH:2
BRDA:12,0,0,0
BRDA:12,0,1,0
BRF:2
BRH:0
end_of_record
